INFO: 2024-07-23 23:52:17,366: main() 'Using profile folder /home/jagan/.config/variety/'
INFO: 2024-07-23 23:52:17,374: perform_upgrade() 'Last run version was 0.8.12 or earlier, current version is 0.8.12'
INFO: 2024-07-23 23:52:18,129: process_command() 'Received command: ['--profile', '/home/jagan/.config/variety/']'
INFO: 2024-07-23 23:52:18,142: start() 'Using data_path /usr/share/variety'
INFO: 2024-07-23 23:52:18,143: load() 'Jumble loading'
INFO: 2024-07-23 23:52:18,144: _walk_modules() 'Jumble loading module in __init__ from /usr/lib/python3.12/site-packages/variety/plugins/builtin/__init__.py'
INFO: 2024-07-23 23:52:18,146: _walk_modules() 'Jumble loading module in GnomeDisplayModesPlugin from /usr/lib/python3.12/site-packages/variety/plugins/builtin/display_modes/GnomeDisplayModesPlugin.py'
INFO: 2024-07-23 23:52:18,148: load() 'Jumble found plugin class: <class 'GnomeDisplayModesPlugin.GnomeDisplayModesPlugin'>: {'name': 'GnomeDisplayModesPlugin', 'description': 'Display modes relying on the underlying desktop environment', 'version': '1.0', 'author': 'Peter Levi'}'
INFO: 2024-07-23 23:52:18,149: _walk_modules() 'Jumble loading module in LegacyDisplayModesPlugin from /usr/lib/python3.12/site-packages/variety/plugins/builtin/display_modes/LegacyDisplayModesPlugin.py'
INFO: 2024-07-23 23:52:18,150: load() 'Jumble found plugin class: <class 'LegacyDisplayModesPlugin.LegacyDisplayModesPlugin'>: {'name': 'LegacyDisplayModesPlugin', 'description': 'Legacy display mode for compatibility with past Variety versions', 'version': '1.0', 'author': 'Peter Levi'}'
INFO: 2024-07-23 23:52:18,151: _walk_modules() 'Jumble loading module in ResizingDisplayModesPlugin from /usr/lib/python3.12/site-packages/variety/plugins/builtin/display_modes/ResizingDisplayModesPlugin.py'
INFO: 2024-07-23 23:52:18,153: load() 'Jumble found plugin class: <class 'ResizingDisplayModesPlugin.ResizingDisplayModesPlugin'>: {'name': 'ResizingDisplayModesPlugin', 'description': 'Display modes that use image resizing within Variety', 'version': '1.0', 'author': 'Peter Levi'}'
INFO: 2024-07-23 23:52:18,154: _walk_modules() 'Jumble loading module in __init__ from /usr/lib/python3.12/site-packages/variety/plugins/builtin/display_modes/__init__.py'
INFO: 2024-07-23 23:52:18,156: _walk_modules() 'Jumble loading module in APODDownloader from /usr/lib/python3.12/site-packages/variety/plugins/builtin/downloaders/APODDownloader.py'
INFO: 2024-07-23 23:52:18,159: load() 'Jumble found plugin class: <class 'APODDownloader.APODDownloader'>: {'name': 'APODDownloader', 'description': 'NASA Astro Pic of the Day', 'author': 'Peter Levi', 'version': '0.1'}'
INFO: 2024-07-23 23:52:18,160: _walk_modules() 'Jumble loading module in ArtStationDownloader from /usr/lib/python3.12/site-packages/variety/plugins/builtin/downloaders/ArtStationDownloader.py'
INFO: 2024-07-23 23:52:18,162: _walk_modules() 'Jumble loading module in ArtStationSource from /usr/lib/python3.12/site-packages/variety/plugins/builtin/downloaders/ArtStationSource.py'
INFO: 2024-07-23 23:52:18,169: load() 'Jumble found plugin class: <class 'ArtStationSource.ArtStationSource'>: {'name': 'ArtStationSource', 'description': 'Configurable source for fetching images from ArtStation', 'author': 'Denis Gordeev', 'version': '0.1'}'
INFO: 2024-07-23 23:52:18,170: _walk_modules() 'Jumble loading module in BingDownloader from /usr/lib/python3.12/site-packages/variety/plugins/builtin/downloaders/BingDownloader.py'
INFO: 2024-07-23 23:52:18,173: load() 'Jumble found plugin class: <class 'BingDownloader.BingDownloader'>: {'name': 'BingDownloader', 'description': 'Bing Photo of the Day', 'author': 'Peter Levi', 'version': '0.1'}'
INFO: 2024-07-23 23:52:18,174: _walk_modules() 'Jumble loading module in EarthviewDownloader from /usr/lib/python3.12/site-packages/variety/plugins/builtin/downloaders/EarthviewDownloader.py'
INFO: 2024-07-23 23:52:18,176: load() 'Jumble found plugin class: <class 'EarthviewDownloader.EarthviewDownloader'>: {'name': 'EarthviewDownloader', 'description': 'Google Earth View Wallpapers', 'author': 'Peter Levi', 'version': '0.1'}'
INFO: 2024-07-23 23:52:18,177: _walk_modules() 'Jumble loading module in MediaRSSDownloader from /usr/lib/python3.12/site-packages/variety/plugins/builtin/downloaders/MediaRSSDownloader.py'
INFO: 2024-07-23 23:52:18,179: _walk_modules() 'Jumble loading module in MediaRSSSource from /usr/lib/python3.12/site-packages/variety/plugins/builtin/downloaders/MediaRSSSource.py'
INFO: 2024-07-23 23:52:18,184: load() 'Jumble found plugin class: <class 'MediaRSSSource.MediaRSSSource'>: {'name': 'MediaRSSSource', 'description': 'Configurable source for fetching images from MediaRSS feeds', 'author': 'Peter Levi', 'version': '0.1'}'
INFO: 2024-07-23 23:52:18,184: _walk_modules() 'Jumble loading module in NationalGeographicDownloader from /usr/lib/python3.12/site-packages/variety/plugins/builtin/downloaders/NationalGeographicDownloader.py'
INFO: 2024-07-23 23:52:18,187: load() 'Jumble found plugin class: <class 'NationalGeographicDownloader.NationalGeographicDownloader'>: {'name': 'NationalGeographicDownloader', 'description': "National Geographic's photo of the day", 'author': 'Eric RÃ¶sch', 'version': '0.1'}'
INFO: 2024-07-23 23:52:18,188: _walk_modules() 'Jumble loading module in RedditDownloader from /usr/lib/python3.12/site-packages/variety/plugins/builtin/downloaders/RedditDownloader.py'
INFO: 2024-07-23 23:52:18,189: _walk_modules() 'Jumble loading module in RedditSource from /usr/lib/python3.12/site-packages/variety/plugins/builtin/downloaders/RedditSource.py'
INFO: 2024-07-23 23:52:18,193: load() 'Jumble found plugin class: <class 'RedditSource.RedditSource'>: {'name': 'RedditSource', 'description': 'Configurable source for fetching images from Reddit', 'author': 'Peter Levi', 'version': '0.1'}'
INFO: 2024-07-23 23:52:18,195: _walk_modules() 'Jumble loading module in UnsplashConfigurableSource from /usr/lib/python3.12/site-packages/variety/plugins/builtin/downloaders/UnsplashConfigurableSource.py'
INFO: 2024-07-23 23:52:18,200: load() 'Jumble found plugin class: <class 'UnsplashConfigurableSource.UnsplashConfigurableSource'>: {'name': 'UnsplashConfigurableSource', 'description': 'Configurable source for fetching photos from Unsplash.com', 'author': 'Peter Levi', 'version': '0.1'}'
INFO: 2024-07-23 23:52:18,201: _walk_modules() 'Jumble loading module in UnsplashDownloader from /usr/lib/python3.12/site-packages/variety/plugins/builtin/downloaders/UnsplashDownloader.py'
INFO: 2024-07-23 23:52:18,203: load() 'Jumble found plugin class: <class 'UnsplashDownloader.UnsplashDownloader'>: {'name': 'UnsplashDownloader', 'description': 'High-resolution photos from Unsplash.com', 'author': 'Peter Levi', 'version': '0.1'}'
INFO: 2024-07-23 23:52:18,204: _walk_modules() 'Jumble loading module in WallhavenDownloader from /usr/lib/python3.12/site-packages/variety/plugins/builtin/downloaders/WallhavenDownloader.py'
INFO: 2024-07-23 23:52:18,209: _walk_modules() 'Jumble loading module in WallhavenLegacyDownloader from /usr/lib/python3.12/site-packages/variety/plugins/builtin/downloaders/WallhavenLegacyDownloader.py'
INFO: 2024-07-23 23:52:18,211: _walk_modules() 'Jumble loading module in WallhavenSource from /usr/lib/python3.12/site-packages/variety/plugins/builtin/downloaders/WallhavenSource.py'
INFO: 2024-07-23 23:52:18,216: load() 'Jumble found plugin class: <class 'WallhavenSource.WallhavenSource'>: {'name': 'WallhavenSource', 'description': 'Configurable source for fetching images from Wallhaven.cc', 'author': 'Peter Levi', 'version': '0.1'}'
INFO: 2024-07-23 23:52:18,217: _walk_modules() 'Jumble loading module in __init__ from /usr/lib/python3.12/site-packages/variety/plugins/builtin/downloaders/__init__.py'
INFO: 2024-07-23 23:52:18,219: _walk_modules() 'Jumble loading module in FortuneSource from /usr/lib/python3.12/site-packages/variety/plugins/builtin/quotes/FortuneSource.py'
INFO: 2024-07-23 23:52:18,224: load() 'Jumble found plugin class: <class 'FortuneSource.FortuneSource'>: {'name': 'UNIX fortune program', 'description': 'Displays quotes using the UNIX fortune program. You may want to install additional fortune packs, e.g. fortunes-bofh-excuses.', 'author': 'Dan Jones', 'version': '0.1'}'
INFO: 2024-07-23 23:52:18,225: _walk_modules() 'Jumble loading module in GoodreadsSource from /usr/lib/python3.12/site-packages/variety/plugins/builtin/quotes/GoodreadsSource.py'
INFO: 2024-07-23 23:52:18,539: load() 'Jumble found plugin class: <class 'GoodreadsSource.GoodreadsSource'>: {'name': 'Goodreads', 'description': 'Fetches quotes from Goodreads.com', 'author': 'Peter Levi', 'version': '0.1'}'
INFO: 2024-07-23 23:52:18,540: _walk_modules() 'Jumble loading module in LocalFilesSource from /usr/lib/python3.12/site-packages/variety/plugins/builtin/quotes/LocalFilesSource.py'
INFO: 2024-07-23 23:52:18,543: load() 'Jumble found plugin class: <class 'LocalFilesSource.LocalFilesSource'>: {'name': 'Local text files', 'description': 'Displays quotes, defined in local text files.\nPut your own txt files in: /home/jagan/.config/variety/pluginconfig/quotes/.\nThe file format is:\n\nquote -- author\n.\nsecond quote -- another author\n.\netc...\n\nExample: http://rvelthuis.de/zips/quotes.txt', 'author': 'Peter Levi', 'version': '0.1'}'
INFO: 2024-07-23 23:52:18,544: _walk_modules() 'Jumble loading module in QuotationsPageSource from /usr/lib/python3.12/site-packages/variety/plugins/builtin/quotes/QuotationsPageSource.py'
INFO: 2024-07-23 23:52:18,546: load() 'Jumble found plugin class: <class 'QuotationsPageSource.QuotationsPageSource'>: {'name': 'TheQuotationsPage.com', 'description': 'Fetches quotes from TheQuotationsPage.com', 'author': 'Peter Levi', 'version': '0.1'}'
INFO: 2024-07-23 23:52:18,547: _walk_modules() 'Jumble loading module in UrbanDictionarySource from /usr/lib/python3.12/site-packages/variety/plugins/builtin/quotes/UrbanDictionarySource.py'
INFO: 2024-07-23 23:52:18,549: load() 'Jumble found plugin class: <class 'UrbanDictionarySource.UrbanDictionarySource'>: {'name': 'Urban Dictionary', 'description': 'Displays definitions from Urban Dictionary', 'author': 'James Miller', 'version': '0.1'}'
INFO: 2024-07-23 23:52:18,550: _walk_modules() 'Jumble loading module in __init__ from /usr/lib/python3.12/site-packages/variety/plugins/builtin/quotes/__init__.py'
INFO: 2024-07-23 23:52:18,603: reload_config() 'Creating new downloader for type flickr, location user:www.flickr.com/photos/peter-levi/;user_id:93647178@N00;'
INFO: 2024-07-23 23:52:18,604: reload_config() 'Creating new downloader for type apod, location NASA's Astronomy Picture of the Day'
INFO: 2024-07-23 23:52:18,605: reload_config() 'Creating new downloader for type bing, location Bing Photo of the Day'
INFO: 2024-07-23 23:52:18,605: reload_config() 'Creating new downloader for type earthview, location Google Earth View Wallpapers'
INFO: 2024-07-23 23:52:18,605: reload_config() 'Creating new downloader for type natgeo, location National Geographic's photo of the day'
INFO: 2024-07-23 23:52:18,606: reload_config() 'Creating new downloader for type unsplash, location High-resolution photos from Unsplash.com'
INFO: 2024-07-23 23:52:18,610: log_options() 'Loaded options:'
INFO: 2024-07-23 23:52:18,611: log_options() 'change_enabled = True'
INFO: 2024-07-23 23:52:18,611: log_options() 'change_interval = 300'
INFO: 2024-07-23 23:52:18,611: log_options() 'change_on_start = False'
INFO: 2024-07-23 23:52:18,612: log_options() 'clipboard_enabled = False'
INFO: 2024-07-23 23:52:18,612: log_options() 'clipboard_hosts = ['wallhaven.cc', 'wallpapers.net', 'flickr.com', 'imgur.com', 'deviantart.com', 'interfacelift.com', 'vladstudio.com', 'imageshack.us', 'deviantart.net', 'imageshack.com']'
INFO: 2024-07-23 23:52:18,612: log_options() 'clipboard_use_whitelist = True'
INFO: 2024-07-23 23:52:18,612: log_options() 'clock_date_font = Serif 30'
INFO: 2024-07-23 23:52:18,613: log_options() 'clock_enabled = False'
INFO: 2024-07-23 23:52:18,613: log_options() 'clock_filter = -density 100 -font `fc-match -f '%{file[0]}' '%CLOCK_FONT_NAME'` -pointsize %CLOCK_FONT_SIZE -gravity SouthEast -fill '#00000044' -annotate 0x0+[%HOFFSET+58]+[%VOFFSET+108] '%H:%M' -fill white -annotate 0x0+[%HOFFSET+60]+[%VOFFSET+110] '%H:%M' -font `fc-match -f '%{file[0]}' '%DATE_FONT_NAME'` -pointsize %DATE_FONT_SIZE -fill '#00000044' -annotate 0x0+[%HOFFSET+58]+[%VOFFSET+58] '%A, %B %d' -fill white -annotate 0x0+[%HOFFSET+60]+[%VOFFSET+60] '%A, %B %d''
INFO: 2024-07-23 23:52:18,613: log_options() 'clock_font = Serif 70'
INFO: 2024-07-23 23:52:18,613: log_options() 'configfile = /home/jagan/.config/variety/variety.conf'
INFO: 2024-07-23 23:52:18,614: log_options() 'copyto_enabled = False'
INFO: 2024-07-23 23:52:18,614: log_options() 'copyto_folder = Default'
INFO: 2024-07-23 23:52:18,614: log_options() 'desired_color = [160, 160, 160]'
INFO: 2024-07-23 23:52:18,614: log_options() 'desired_color_enabled = False'
INFO: 2024-07-23 23:52:18,615: log_options() 'download_folder = /home/jagan/.config/variety/Downloaded'
INFO: 2024-07-23 23:52:18,615: log_options() 'download_preference_ratio = 0.9'
INFO: 2024-07-23 23:52:18,615: log_options() 'favorites_folder = /home/jagan/.config/variety/Favorites'
INFO: 2024-07-23 23:52:18,615: log_options() 'favorites_operations = [['Downloaded', 'Copy'], ['Fetched', 'Move'], ['Others', 'Copy']]'
INFO: 2024-07-23 23:52:18,615: log_options() 'fetched_folder = /home/jagan/.config/variety/Fetched'
INFO: 2024-07-23 23:52:18,616: log_options() 'filters = [[False, 'Keep original', ''], [False, 'Grayscale', '-type Grayscale'], [False, 'Heavy blur', '-scale 20% -blur 0x10 -resize 500%'], [False, 'Soft blur', '-scale 20% -blur 0x2 -resize 500%'], [False, 'Oil painting', '-paint 8'], [False, 'Pointilism', '-spread 10 -noise 3'], [False, 'Pixellate', '-scale 3% -scale 3333%']]'
INFO: 2024-07-23 23:52:18,616: log_options() 'get_wallpaper_script = /home/jagan/.config/variety/scripts/get_wallpaper'
INFO: 2024-07-23 23:52:18,616: log_options() 'icon = Light'
INFO: 2024-07-23 23:52:18,616: log_options() 'internet_enabled = True'
INFO: 2024-07-23 23:52:18,616: log_options() 'lightness_enabled = False'
INFO: 2024-07-23 23:52:18,617: log_options() 'lightness_mode = 0'
INFO: 2024-07-23 23:52:18,617: log_options() 'min_rating = 4'
INFO: 2024-07-23 23:52:18,617: log_options() 'min_rating_enabled = False'
INFO: 2024-07-23 23:52:18,618: log_options() 'min_size = 80'
INFO: 2024-07-23 23:52:18,618: log_options() 'min_size_enabled = False'
INFO: 2024-07-23 23:52:18,619: log_options() 'quota_enabled = True'
INFO: 2024-07-23 23:52:18,620: log_options() 'quota_size = 1000'
INFO: 2024-07-23 23:52:18,620: log_options() 'quotes_authors = '
INFO: 2024-07-23 23:52:18,620: log_options() 'quotes_bg_color = [80, 80, 80]'
INFO: 2024-07-23 23:52:18,624: log_options() 'quotes_bg_opacity = 55'
INFO: 2024-07-23 23:52:18,624: log_options() 'quotes_change_enabled = False'
INFO: 2024-07-23 23:52:18,625: log_options() 'quotes_change_interval = 300'
INFO: 2024-07-23 23:52:18,625: log_options() 'quotes_disabled_sources = ['Urban Dictionary']'
INFO: 2024-07-23 23:52:18,625: log_options() 'quotes_enabled = False'
INFO: 2024-07-23 23:52:18,625: log_options() 'quotes_favorites_file = /home/jagan/.config/variety/favorite_quotes.txt'
INFO: 2024-07-23 23:52:18,625: log_options() 'quotes_font = Serif 30'
INFO: 2024-07-23 23:52:18,626: log_options() 'quotes_hpos = 100'
INFO: 2024-07-23 23:52:18,626: log_options() 'quotes_max_length = 250'
INFO: 2024-07-23 23:52:18,626: log_options() 'quotes_tags = '
INFO: 2024-07-23 23:52:18,626: log_options() 'quotes_text_color = [255, 255, 255]'
INFO: 2024-07-23 23:52:18,627: log_options() 'quotes_text_shadow = False'
INFO: 2024-07-23 23:52:18,627: log_options() 'quotes_vpos = 40'
INFO: 2024-07-23 23:52:18,628: log_options() 'quotes_width = 70'
INFO: 2024-07-23 23:52:18,628: log_options() 'safe_mode = False'
INFO: 2024-07-23 23:52:18,628: log_options() 'set_wallpaper_script = /home/jagan/.config/variety/scripts/set_wallpaper'
INFO: 2024-07-23 23:52:18,628: log_options() 'slideshow_custom_enabled = False'
INFO: 2024-07-23 23:52:18,628: log_options() 'slideshow_custom_folder = /home/jagan/Pictures'
INFO: 2024-07-23 23:52:18,629: log_options() 'slideshow_downloads_enabled = False'
INFO: 2024-07-23 23:52:18,629: log_options() 'slideshow_fade = 0.4'
INFO: 2024-07-23 23:52:18,629: log_options() 'slideshow_favorites_enabled = True'
INFO: 2024-07-23 23:52:18,632: log_options() 'slideshow_mode = Fullscreen'
INFO: 2024-07-23 23:52:18,633: log_options() 'slideshow_monitor = All'
INFO: 2024-07-23 23:52:18,633: log_options() 'slideshow_pan = 0.05'
INFO: 2024-07-23 23:52:18,635: log_options() 'slideshow_seconds = 6.0'
INFO: 2024-07-23 23:52:18,636: log_options() 'slideshow_sort_order = Random'
INFO: 2024-07-23 23:52:18,636: log_options() 'slideshow_sources_enabled = True'
INFO: 2024-07-23 23:52:18,636: log_options() 'slideshow_zoom = 0.2'
INFO: 2024-07-23 23:52:18,636: log_options() 'smart_enabled = False'
INFO: 2024-07-23 23:52:18,637: log_options() 'smart_notice_shown = False'
INFO: 2024-07-23 23:52:18,638: log_options() 'smart_register_shown = False'
INFO: 2024-07-23 23:52:18,638: log_options() 'sources = [[True, 'favorites', 'The Favorites folder'], [True, 'fetched', 'The Fetched folder'], [True, 'folder', '/usr/share/backgrounds'], [True, 'flickr', 'user:www.flickr.com/photos/peter-levi/;user_id:93647178@N00;'], [True, 'apod', "NASA's Astronomy Picture of the Day"], [True, 'bing', 'Bing Photo of the Day'], [True, 'earthview', 'Google Earth View Wallpapers'], [True, 'natgeo', "National Geographic's photo of the day"], [True, 'unsplash', 'High-resolution photos from Unsplash.com'], [True, 'folder', '/home/jagan/.config/hypr/wallpaper']]'
INFO: 2024-07-23 23:52:18,639: log_options() 'stats_enabled = True'
INFO: 2024-07-23 23:52:18,639: log_options() 'stats_notice_shown = False'
INFO: 2024-07-23 23:52:18,639: log_options() 'sync_enabled = True'
INFO: 2024-07-23 23:52:18,639: log_options() 'use_landscape_enabled = True'
INFO: 2024-07-23 23:52:18,639: log_options() 'wallhaven_api_key = '
INFO: 2024-07-23 23:52:18,640: log_options() 'wallpaper_auto_rotate = False'
INFO: 2024-07-23 23:52:18,640: log_options() 'wallpaper_display_mode = os'
INFO: 2024-07-23 23:52:18,640: reload_config() 'No need to clear prepared queue'
INFO: 2024-07-23 23:52:18,640: update_indicator() 'Setting file info to: /home/jagan/.config/variety/Downloaded/nasa_apod/Tiangong_transiting_moon_Lucy_Hu_APOD_submission.jpg'
INFO: 2024-07-23 23:52:18,649: load_banned() 'Missing or invalid banned URLs list, no URLs will be banned'
INFO: 2024-07-23 23:52:18,649: load_last_change_time() 'Change interval < 6 hours, ignore persisted last_change_time, wait initially the whole interval: 300'
INFO: 2024-07-23 23:52:18,650: update_indicator() 'Setting file info to: /home/jagan/.config/variety/Downloaded/nasa_apod/Tiangong_transiting_moon_Lucy_Hu_APOD_submission.jpg'
INFO: 2024-07-23 23:52:18,654: regular_change_thread() 'regular_change thread running'
INFO: 2024-07-23 23:52:18,655: prepare_thread() 'Prepare thread running'
INFO: 2024-07-23 23:52:18,656: prepare_thread() 'Prepared buffer contains 0 images'
INFO: 2024-07-23 23:52:18,657: prepare_thread() 'Preparing some images'
INFO: 2024-07-23 23:52:18,663: get_throttling() 'Flickr: parsing serverside options'
INFO: 2024-07-23 23:52:18,664: get_throttling() 'Could not parse Flickr serverside options, using defaults 120, 20'
INFO: 2024-07-23 23:52:18,665: update_indicator_icon() 'Creating indicator'
INFO: 2024-07-23 23:52:18,665: get_throttling() 'Flickr: parsing serverside options'
INFO: 2024-07-23 23:52:18,674: get_throttling() 'Could not parse Flickr serverside options, using defaults 120, 20'
INFO: 2024-07-23 23:52:18,678: download_one() 'Flickr: Downloading an image, config: user:www.flickr.com/photos/peter-levi/;user_id:93647178@N00;'
INFO: 2024-07-23 23:52:18,679: download_one() 'Flickr: Queue size: 0'
INFO: 2024-07-23 23:52:18,681: get_throttling() 'Flickr: parsing serverside options'
INFO: 2024-07-23 23:52:18,681: get_throttling() 'Could not parse Flickr serverside options, using defaults 120, 20'
INFO: 2024-07-23 23:52:18,682: download_one() 'Flickr: Filling queue'
INFO: 2024-07-23 23:52:18,683: fetch() 'Making flickr API call: https://api.flickr.com/services/rest/?method=flickr.photos.search&api_key=0553a848c09bcfd21d3a984d9408c04e&per_page=500&tag_mode=all&format=json&nojsoncallback=1&user_id=93647178@N00'
WARNING: 2024-07-23 23:52:18,738: create_menu() 'Variety Slideshow is not installed. This is an optional extension adding pan-and-zoom slideshows to Variety: see https://github.com/peterlevi/variety-slideshow for details'
INFO: 2024-07-23 23:52:18,745: create_indicator() 'indicator backend: AyatanaAppIndicator3'
INFO: 2024-07-23 23:52:18,758: do_set_wp() 'Calling do_set_wp with /home/jagan/.config/variety/Downloaded/nasa_apod/Tiangong_transiting_moon_Lucy_Hu_APOD_submission.jpg, time: 1721796738.7589104'
WARNING: 2024-07-23 23:52:18,794: image_ok() 'Error in image_ok for file /home/jagan/.config/hypr/wallpaper/8mtgo3k0fw7d1.png'
INFO: 2024-07-23 23:52:18,878: set_from_theme_icon() 'Showing indicator icon variety-indicator from GTK theme'
INFO: 2024-07-23 23:52:18,880: update_indicator() 'Setting file info to: /home/jagan/.config/variety/Downloaded/nasa_apod/Tiangong_transiting_moon_Lucy_Hu_APOD_submission.jpg'
INFO: 2024-07-23 23:52:18,888: list_files() 'More than 1 files in the folders, stop listing'
INFO: 2024-07-23 23:52:19,020: prepare_thread() 'After search prepared buffer contains 96 images'
INFO: 2024-07-23 23:52:21,022: trigger_download() 'Triggering download thread to check if download needed and possible'
ERROR: 2024-07-23 23:52:23,919: download_one_from() 'Could not download wallpaper:'
Traceback (most recent call last):
  File "/usr/lib/python3.12/site-packages/variety/VarietyWindow.py", line 1164, in download_one_from
    file = downloader.download_one()
           ^^^^^^^^^^^^^^^^^^^^^^^^^
  File "/usr/lib/python3.12/site-packages/variety/plugins/downloaders/DefaultDownloader.py", line 141, in download_one
    items = self.fill_queue()
            ^^^^^^^^^^^^^^^^^
  File "/usr/lib/python3.12/site-packages/variety/FlickrDownloader.py", line 163, in fill_queue
    raise Exception("Flickr returned error message: " + resp["message"])
Exception: Flickr returned error message: Invalid API Key (Key has expired)
INFO: 2024-07-23 23:52:24,885: reload() 'Reloading preferences dialog'
INFO: 2024-07-23 23:52:24,953: get_throttling() 'Earth View: parsing serverside options'
INFO: 2024-07-23 23:52:24,955: get_throttling() 'Could not parse Earth View serverside options, using defaults 20, None'
INFO: 2024-07-23 23:52:24,955: get_throttling() 'Earth View: parsing serverside options'
INFO: 2024-07-23 23:52:24,956: get_throttling() 'Could not parse Earth View serverside options, using defaults 20, None'
INFO: 2024-07-23 23:52:24,957: download_one() 'Earth View: Downloading an image, config: None'
INFO: 2024-07-23 23:52:24,957: download_one() 'Earth View: Queue size: 0'
INFO: 2024-07-23 23:52:24,958: get_throttling() 'Earth View: parsing serverside options'
INFO: 2024-07-23 23:52:24,958: get_throttling() 'Could not parse Earth View serverside options, using defaults 20, None'
INFO: 2024-07-23 23:52:24,958: download_one() 'Earth View: Filling queue'
ERROR: 2024-07-23 23:52:25,101: download_one_from() 'Could not download wallpaper:'
Traceback (most recent call last):
  File "/usr/lib/python3.12/site-packages/variety/VarietyWindow.py", line 1164, in download_one_from
    file = downloader.download_one()
           ^^^^^^^^^^^^^^^^^^^^^^^^^
  File "/usr/lib/python3.12/site-packages/variety/plugins/downloaders/DefaultDownloader.py", line 141, in download_one
    items = self.fill_queue()
            ^^^^^^^^^^^^^^^^^
  File "/usr/lib/python3.12/site-packages/variety/plugins/builtin/downloaders/EarthviewDownloader.py", line 57, in fill_queue
    queue = Util.fetch_json(DATA_URL)
            ^^^^^^^^^^^^^^^^^^^^^^^^^
  File "/usr/lib/python3.12/site-packages/variety/Util.py", line 684, in fetch_json
    return Util.request(url, data, **request_kwargs).json()
           ^^^^^^^^^^^^^^^^^^^^^^^^^^^^^^^^^^^^^^^^^
  File "/usr/lib/python3.12/site-packages/variety/Util.py", line 663, in request
    r.raise_for_status()
  File "/usr/lib/python3.12/site-packages/requests/models.py", line 1024, in raise_for_status
    raise HTTPError(http_error_msg, response=self)
requests.exceptions.HTTPError: 404 Client Error: Not Found for url: https://earthview.withgoogle.com/_api/photos.json
INFO: 2024-07-23 23:52:26,112: get_throttling() 'National Geographic: parsing serverside options'
INFO: 2024-07-23 23:52:26,113: get_throttling() 'Could not parse National Geographic serverside options, using defaults None, None'
INFO: 2024-07-23 23:52:26,113: get_throttling() 'National Geographic: parsing serverside options'
INFO: 2024-07-23 23:52:26,114: get_throttling() 'Could not parse National Geographic serverside options, using defaults None, None'
INFO: 2024-07-23 23:52:26,114: download_one() 'National Geographic: Downloading an image, config: None'
INFO: 2024-07-23 23:52:26,114: download_one() 'National Geographic: Queue size: 0'
INFO: 2024-07-23 23:52:26,115: get_throttling() 'National Geographic: parsing serverside options'
INFO: 2024-07-23 23:52:26,115: get_throttling() 'Could not parse National Geographic serverside options, using defaults None, None'
INFO: 2024-07-23 23:52:26,115: download_one() 'National Geographic: Filling queue'
ERROR: 2024-07-23 23:52:26,357: download_one_from() 'Could not download wallpaper:'
Traceback (most recent call last):
  File "/usr/lib/python3.12/site-packages/requests/models.py", line 974, in json
    return complexjson.loads(self.text, **kwargs)
           ^^^^^^^^^^^^^^^^^^^^^^^^^^^^^^^^^^^^^^
  File "/usr/lib/python3.12/json/__init__.py", line 346, in loads
    return _default_decoder.decode(s)
           ^^^^^^^^^^^^^^^^^^^^^^^^^^
  File "/usr/lib/python3.12/json/decoder.py", line 337, in decode
    obj, end = self.raw_decode(s, idx=_w(s, 0).end())
               ^^^^^^^^^^^^^^^^^^^^^^^^^^^^^^^^^^^^^^
  File "/usr/lib/python3.12/json/decoder.py", line 355, in raw_decode
    raise JSONDecodeError("Expecting value", s, err.value) from None
json.decoder.JSONDecodeError: Expecting value: line 2 column 9 (char 9)

During handling of the above exception, another exception occurred:

Traceback (most recent call last):
  File "/usr/lib/python3.12/site-packages/variety/VarietyWindow.py", line 1164, in download_one_from
    file = downloader.download_one()
           ^^^^^^^^^^^^^^^^^^^^^^^^^
  File "/usr/lib/python3.12/site-packages/variety/plugins/downloaders/DefaultDownloader.py", line 141, in download_one
    items = self.fill_queue()
            ^^^^^^^^^^^^^^^^^
  File "/usr/lib/python3.12/site-packages/variety/plugins/builtin/downloaders/NationalGeographicDownloader.py", line 54, in fill_queue
    queue = Util.fetch_json(DATA_URL)
            ^^^^^^^^^^^^^^^^^^^^^^^^^
  File "/usr/lib/python3.12/site-packages/variety/Util.py", line 684, in fetch_json
    return Util.request(url, data, **request_kwargs).json()
           ^^^^^^^^^^^^^^^^^^^^^^^^^^^^^^^^^^^^^^^^^^^^^^^^
  File "/usr/lib/python3.12/site-packages/requests/models.py", line 978, in json
    raise RequestsJSONDecodeError(e.msg, e.doc, e.pos)
requests.exceptions.JSONDecodeError: Expecting value: line 2 column 9 (char 9)
INFO: 2024-07-23 23:52:38,659: server_options_thread() 'Fetching server options from http://tiny.cc/variety-options-063'
INFO: 2024-07-23 23:52:39,283: server_options_thread() 'Fetched server options: {'flickr': {'min_fill_queue_interval': 1200, 'min_download_interval': 1200}, 'wallbase': {'min_fill_queue_interval': 1800, 'min_download_interval': 1800}, 'wallhaven': {'min_fill_queue_interval': 1800, 'min_download_interval': 1800}, 'wallpapers.net': {'min_fill_queue_interval': 601, 'min_download_interval': 0}, 'unsplash': {'min_fill_queue_interval': 20000000000, 'min_download_interval': 20000000000}, 'unsplash_v2': {'min_fill_queue_interval': 3600, 'min_download_interval': 1800}, 'status_message': {'0.0.1': '', '*': ''}}'
INFO: 2024-07-23 23:55:27,373: get_throttling() 'Flickr: parsing serverside options'
INFO: 2024-07-23 23:55:27,374: get_throttling() 'Flickr serverside options: {'min_fill_queue_interval': 1200, 'min_download_interval': 1200}'
INFO: 2024-07-23 23:55:27,374: get_throttling() 'Flickr: parsing serverside options'
INFO: 2024-07-23 23:55:27,375: get_throttling() 'Flickr serverside options: {'min_fill_queue_interval': 1200, 'min_download_interval': 1200}'
INFO: 2024-07-23 23:55:27,376: download_one() 'Flickr: Downloading an image, config: user:www.flickr.com/photos/peter-levi/;user_id:93647178@N00;'
INFO: 2024-07-23 23:55:27,376: download_one() 'Flickr: Queue size: 0'
INFO: 2024-07-23 23:55:27,377: get_throttling() 'Flickr: parsing serverside options'
INFO: 2024-07-23 23:55:27,377: get_throttling() 'Flickr serverside options: {'min_fill_queue_interval': 1200, 'min_download_interval': 1200}'
INFO: 2024-07-23 23:55:27,378: download_one() 'Flickr: Filling queue'
INFO: 2024-07-23 23:55:27,379: fetch() 'Making flickr API call: https://api.flickr.com/services/rest/?method=flickr.photos.search&api_key=0553a848c09bcfd21d3a984d9408c04e&per_page=500&tag_mode=all&format=json&nojsoncallback=1&user_id=93647178@N00'
ERROR: 2024-07-23 23:55:27,549: download_one_from() 'Could not download wallpaper:'
Traceback (most recent call last):
  File "/usr/lib/python3.12/site-packages/variety/VarietyWindow.py", line 1164, in download_one_from
    file = downloader.download_one()
           ^^^^^^^^^^^^^^^^^^^^^^^^^
  File "/usr/lib/python3.12/site-packages/variety/plugins/downloaders/DefaultDownloader.py", line 141, in download_one
    items = self.fill_queue()
            ^^^^^^^^^^^^^^^^^
  File "/usr/lib/python3.12/site-packages/variety/FlickrDownloader.py", line 163, in fill_queue
    raise Exception("Flickr returned error message: " + resp["message"])
Exception: Flickr returned error message: Invalid API Key (Key has expired)
INFO: 2024-07-23 23:55:28,555: get_throttling() 'Earth View: parsing serverside options'
INFO: 2024-07-23 23:55:28,556: get_throttling() 'Could not parse Earth View serverside options, using defaults 20, None'
INFO: 2024-07-23 23:55:28,557: get_throttling() 'Earth View: parsing serverside options'
INFO: 2024-07-23 23:55:28,557: get_throttling() 'Could not parse Earth View serverside options, using defaults 20, None'
INFO: 2024-07-23 23:55:28,557: download_one() 'Earth View: Downloading an image, config: None'
INFO: 2024-07-23 23:55:28,558: download_one() 'Earth View: Queue size: 0'
INFO: 2024-07-23 23:55:28,558: get_throttling() 'Earth View: parsing serverside options'
INFO: 2024-07-23 23:55:28,558: get_throttling() 'Could not parse Earth View serverside options, using defaults 20, None'
INFO: 2024-07-23 23:55:28,558: download_one() 'Earth View: Filling queue'
ERROR: 2024-07-23 23:55:28,676: download_one_from() 'Could not download wallpaper:'
Traceback (most recent call last):
  File "/usr/lib/python3.12/site-packages/variety/VarietyWindow.py", line 1164, in download_one_from
    file = downloader.download_one()
           ^^^^^^^^^^^^^^^^^^^^^^^^^
  File "/usr/lib/python3.12/site-packages/variety/plugins/downloaders/DefaultDownloader.py", line 141, in download_one
    items = self.fill_queue()
            ^^^^^^^^^^^^^^^^^
  File "/usr/lib/python3.12/site-packages/variety/plugins/builtin/downloaders/EarthviewDownloader.py", line 57, in fill_queue
    queue = Util.fetch_json(DATA_URL)
            ^^^^^^^^^^^^^^^^^^^^^^^^^
  File "/usr/lib/python3.12/site-packages/variety/Util.py", line 684, in fetch_json
    return Util.request(url, data, **request_kwargs).json()
           ^^^^^^^^^^^^^^^^^^^^^^^^^^^^^^^^^^^^^^^^^
  File "/usr/lib/python3.12/site-packages/variety/Util.py", line 663, in request
    r.raise_for_status()
  File "/usr/lib/python3.12/site-packages/requests/models.py", line 1024, in raise_for_status
    raise HTTPError(http_error_msg, response=self)
requests.exceptions.HTTPError: 404 Client Error: Not Found for url: https://earthview.withgoogle.com/_api/photos.json
INFO: 2024-07-23 23:55:29,685: get_throttling() 'National Geographic: parsing serverside options'
INFO: 2024-07-23 23:55:29,686: get_throttling() 'Could not parse National Geographic serverside options, using defaults None, None'
INFO: 2024-07-23 23:55:29,686: get_throttling() 'National Geographic: parsing serverside options'
INFO: 2024-07-23 23:55:29,686: get_throttling() 'Could not parse National Geographic serverside options, using defaults None, None'
INFO: 2024-07-23 23:55:29,687: download_one() 'National Geographic: Downloading an image, config: None'
INFO: 2024-07-23 23:55:29,687: download_one() 'National Geographic: Queue size: 0'
INFO: 2024-07-23 23:55:29,688: get_throttling() 'National Geographic: parsing serverside options'
INFO: 2024-07-23 23:55:29,688: get_throttling() 'Could not parse National Geographic serverside options, using defaults None, None'
INFO: 2024-07-23 23:55:29,688: download_one() 'National Geographic: Filling queue'
ERROR: 2024-07-23 23:55:30,020: download_one_from() 'Could not download wallpaper:'
Traceback (most recent call last):
  File "/usr/lib/python3.12/site-packages/requests/models.py", line 974, in json
    return complexjson.loads(self.text, **kwargs)
           ^^^^^^^^^^^^^^^^^^^^^^^^^^^^^^^^^^^^^^
  File "/usr/lib/python3.12/json/__init__.py", line 346, in loads
    return _default_decoder.decode(s)
           ^^^^^^^^^^^^^^^^^^^^^^^^^^
  File "/usr/lib/python3.12/json/decoder.py", line 337, in decode
    obj, end = self.raw_decode(s, idx=_w(s, 0).end())
               ^^^^^^^^^^^^^^^^^^^^^^^^^^^^^^^^^^^^^^
  File "/usr/lib/python3.12/json/decoder.py", line 355, in raw_decode
    raise JSONDecodeError("Expecting value", s, err.value) from None
json.decoder.JSONDecodeError: Expecting value: line 2 column 9 (char 9)

During handling of the above exception, another exception occurred:

Traceback (most recent call last):
  File "/usr/lib/python3.12/site-packages/variety/VarietyWindow.py", line 1164, in download_one_from
    file = downloader.download_one()
           ^^^^^^^^^^^^^^^^^^^^^^^^^
  File "/usr/lib/python3.12/site-packages/variety/plugins/downloaders/DefaultDownloader.py", line 141, in download_one
    items = self.fill_queue()
            ^^^^^^^^^^^^^^^^^
  File "/usr/lib/python3.12/site-packages/variety/plugins/builtin/downloaders/NationalGeographicDownloader.py", line 54, in fill_queue
    queue = Util.fetch_json(DATA_URL)
            ^^^^^^^^^^^^^^^^^^^^^^^^^
  File "/usr/lib/python3.12/site-packages/variety/Util.py", line 684, in fetch_json
    return Util.request(url, data, **request_kwargs).json()
           ^^^^^^^^^^^^^^^^^^^^^^^^^^^^^^^^^^^^^^^^^^^^^^^^
  File "/usr/lib/python3.12/site-packages/requests/models.py", line 978, in json
    raise RequestsJSONDecodeError(e.msg, e.doc, e.pos)
requests.exceptions.JSONDecodeError: Expecting value: line 2 column 9 (char 9)
INFO: 2024-07-23 23:56:51,504: _check_quit() 'Terminating signal received, quitting...'
INFO: 2024-07-23 23:56:51,507: on_quit() 'Quitting'
